Script handler ready. Waiting for a while to ensure all other mods are done messing with NEI.
Starting NEI Filter scripting. This might take a moment to load all the modules...
Engine: JAVASCRIPT
Setting up Java Library...
Setting up FML Library...
Setting up NEI Library...
Setting up CreativeTab library...
Found creative tab: tabBloodMagic
Found creative tab: misc
Found creative tab: avaritia
Found creative tab: tab.backpacks
Found creative tab: materials
Found creative tab: tools
Found creative tab: BiblioCraft
Found creative tab: BiblioCraftLights
Found creative tab: BiblioWoodsBoP
Found creative tab: BiblioWoodsForestry
Found creative tab: BiblioWoodsNatura
Found creative tab: tabBiomesOPlenty
Found creative tab: BA_TAB
Found creative tab: Botania
Found creative tab: buildingBlocks
Found creative tab: buildcraft.main
Found creative tab: buildcraft.pipes
Found creative tab: buildcraft.boards
Found creative tab: buildcraft.facades
Found creative tab: buildcraft.gates
Found creative tab: CarpentersBlocks
Found creative tab: blocksAndItems
Found creative tab: food
Found creative tab: toolsAndWeapons
Found creative tab: EMT.creativeTab
Found creative tab: EnderIO
Found creative tab: decorations
Found creative tab: EnderZoo
Found creative tab: extraUtil
Found creative tab: combat
Found creative tab: extraUtil_FMP
Found creative tab: forbidden
Found creative tab: mobcrystal
Found creative tab: forestry
Found creative tab: apiculture
Found creative tab: arboriculture
Found creative tab: lepidopterology
Found creative tab: transportation
Found creative tab: GalacticraftItems
Found creative tab: GalacticraftBlocks
Found creative tab: AddonsBlocks
Found creative tab: AddonsItems
Found creative tab: AddonsArmor
Found creative tab: tabGaia
Found creative tab: tabHardcoreEnderExpansion
Found creative tab: IC2
Found creative tab: Nuclear Control 2
Found creative tab: ImmersiveEngineering
Found creative tab: LargerWorkbenchesTab
Found creative tab: Logistics_Pipes
Found creative tab: redstone
Found creative tab: magicBees
Found creative tab: Magneticraft|Industrial Age
Found creative tab: Magneticraft|Steam Age
Found creative tab: Magneticraft|Main
Found creative tab: Magneticraft|Electrical Age
Found creative tab: Magneticraft|Information Age
Found creative tab: natura.plants
Found creative tab: natura.nether
Found creative tab: natura.trees
Found creative tab: nodalmechanics.tab
Found creative tab: tabOpenBlocks
Found creative tab: OpenComputers
Found creative tab: brewing
Found creative tab: tabPneumaticCraft
Found creative tab: Practical Logistics
Found creative tab: TConstructBlocks
Found creative tab: core
Found creative tab: expansion
Found creative tab: exploration
Found creative tab: fab
Found creative tab: ill
Found creative tab: int
Found creative tab: trans
Found creative tab: transport
Found creative tab: rio
Found creative tab: railcraft
Found creative tab: Random Things
Found creative tab: sfm
Found creative tab: SC2Blocks
Found creative tab: SC2Modules
Found creative tab: SC2Items
Found creative tab: storageDrawers
Found creative tab: storageDrawersBop
Found creative tab: storageDrawersForestry
Found creative tab: storageDrawersMisc
Found creative tab: storageDrawersNatura
Found creative tab: TConstructWeaponry
Found creative tab: TConstructParts
Found creative tab: TConstructTools
Found creative tab: TConstructMaterials
Found creative tab: TConstructEquipables
Found creative tab: TMechworks
Found creative tab: TaintedMagic
Found creative tab: thaumcraft
Found creative tab: thaumicExploration
Found creative tab: thaumichorizons
Found creative tab: thaumicMachina
Found creative tab: ThaumicTinkerer
Found creative tab: travellersgear
Found creative tab: twilightForest
Found creative tab: warptheory.tab
Found creative tab: adventurebackpack
Found creative tab: bdew.ae2stuff
Found creative tab: ae2wct
Found creative tab: appliedenergistics2
Found creative tab: appliedenergistics2.facades
Found creative tab: aura
Found creative tab: avaritiaddons
Found creative tab: Battlegear2
Found creative tab: betterquesting
Found creative tab: catwalks
Found creative tab: tabComputronics
Found creative tab: ELBTab
Found creative tab: enviromine.enviroTab
Found creative tab: Essential Thaumaturgy Blocks
Found creative tab: Essential Thaumaturgy Items
Found creative tab: Essential Craft 3 Blocks
Found creative tab: Essential Craft 3 Items
Found creative tab: eternalsingularity
Found creative tab: Extra_Cells
Found creative tab: flammpfeil.extrascepterstaff
Found creative tab: gadomancy
Found creative tab: gt.multitileentity.10060
Found creative tab: arrowGtPlastic
Found creative tab: arrowGtWood
Found creative tab: bolt
Found creative tab: bouleGt
Found creative tab: bulletGtLarge
Found creative tab: bulletGtMedium
Found creative tab: bulletGtSmall
Found creative tab: casingSmall
Found creative tab: chain
Found creative tab: chemtube
Found creative tab: chunkGt
Found creative tab: crateGt64Dust
Found creative tab: crateGt64Gem
Found creative tab: crateGt64Ingot
Found creative tab: crateGt64Plate
Found creative tab: crateGt64PlateGem
Found creative tab: crushed
Found creative tab: crushedCentrifuged
Found creative tab: crushedCentrifugedTiny
Found creative tab: crushedPurified
Found creative tab: crushedPurifiedTiny
Found creative tab: crushedTiny
Found creative tab: dust
Found creative tab: dustDiv72
Found creative tab: dustImpure
Found creative tab: dustPure
Found creative tab: dustSmall
Found creative tab: dustTiny
Found creative tab: foil
Found creative tab: gearGt
Found creative tab: gearGtSmall
Found creative tab: gem
Found creative tab: gemChipped
Found creative tab: gemExquisite
Found creative tab: gemFlawed
Found creative tab: gemFlawless
Found creative tab: gemLegendary
Found creative tab: ingot
Found creative tab: ingotDouble
Found creative tab: ingotQuadruple
Found creative tab: ingotQuintuple
Found creative tab: ingotTriple
Found creative tab: lens
Found creative tab: casingMachine
Found creative tab: casingMachineDense
Found creative tab: casingMachineDouble
Found creative tab: casingMachineQuadruple
Found creative tab: minecartWheels
Found creative tab: nugget
Found creative tab: oreVanillastone
Found creative tab: plate
Found creative tab: plateCurved
Found creative tab: plateDense
Found creative tab: plateDouble
Found creative tab: plateGem
Found creative tab: plateGemTiny
Found creative tab: plateQuadruple
Found creative tab: plateQuintuple
Found creative tab: plateTiny
Found creative tab: plateTriple
Found creative tab: railGt
Found creative tab: ring
Found creative tab: rockGt
Found creative tab: rotor
Found creative tab: round
Found creative tab: screw
Found creative tab: spring
Found creative tab: springSmall
Found creative tab: stick
Found creative tab: stickLong
Found creative tab: blockDust
Found creative tab: blockGem
Found creative tab: blockIngot
Found creative tab: blockPlate
Found creative tab: blockPlateGem
Found creative tab: blockSolid
Found creative tab: toolHeadArrow
Found creative tab: toolHeadAxe
Found creative tab: toolHeadAxeDouble
Found creative tab: toolHeadBuilderwand
Found creative tab: toolHeadBuzzSaw
Found creative tab: toolHeadChainsaw
Found creative tab: toolHeadChisel
Found creative tab: toolHeadConstructionPickaxe
Found creative tab: toolHeadDrill
Found creative tab: toolHeadFile
Found creative tab: toolHeadHammer
Found creative tab: toolHeadHoe
Found creative tab: toolHeadPickaxe
Found creative tab: toolHeadPickaxeGem
Found creative tab: toolHeadPlow
Found creative tab: toolHeadRawArrow
Found creative tab: toolHeadRawAxe
Found creative tab: toolHeadRawAxeDouble
Found creative tab: toolHeadRawChisel
Found creative tab: toolHeadRawHoe
Found creative tab: toolHeadRawPickaxe
Found creative tab: toolHeadRawPlow
Found creative tab: toolHeadRawSaw
Found creative tab: toolHeadRawSense
Found creative tab: toolHeadRawShovel
Found creative tab: toolHeadRawSpade
Found creative tab: toolHeadRawSword
Found creative tab: toolHeadRawUniversalSpade
Found creative tab: toolHeadSaw
Found creative tab: toolHeadScrewdriver
Found creative tab: toolHeadSense
Found creative tab: toolHeadShovel
Found creative tab: toolHeadSpade
Found creative tab: toolHeadSword
Found creative tab: toolHeadUniversalSpade
Found creative tab: toolHeadWrench
Found creative tab: wireFine
Found creative tab: gt.multiitem.books
Found creative tab: gt.multiitem.bottles
Found creative tab: gt.multiitem.bumblebee
Found creative tab: gt.multiitem.cans
Found creative tab: gt.multiitem.food
Found creative tab: gt.multiitem.randomtools
Found creative tab: gt.multiitem.technological
Found creative tab: tabHarvestCraft2
Found creative tab: tabHarvestCraft3
Found creative tab: tabHarvestCraft
Found creative tab: tabHarvesttheNether
Found creative tab: irontank
Found creative tab: openmodularturrets
Found creative tab: OpenPrinter
Found creative tab: OpenSecurity
Found creative tab: pneumaticcooking
Found creative tab: shadowfox_botany
Found creative tab: Thaumic Bases Blocks
Found creative tab: Thaumic Bases Items
Found creative tab: ThaumicEnergistics
Found creative tab: tabName
Setting up ForgeMicroblock Library...
Setting up ExtraUtilities Library...
Setting up BuildCraft Library...
Setting up Applied Energistics 2 Library...
Loading table of contents for module: custom_nei_filters, 1.0, Author: denoflionsx
Bootstrap setting found. Loading: Bootstrap.js
Loading: vanilla.js
hide called. Params: minecraft, portal
Regex match found! minecraft:portal matches minecraft:portal.
Found ItemStack minecraft:portal. 64xtile.portal@0
hide called. Params: minecraft, end_portal
Regex match found! minecraft:end_portal matches minecraft:end_portal.
Found ItemStack minecraft:end_portal. 64xtile.null@0
hide called. Params: minecraft, fire
Regex match found! minecraft:fire matches minecraft:fire.
Found ItemStack minecraft:fire. 64xtile.fire@0
hide called. Params: minecraft, water
Regex match found! minecraft:water matches minecraft:water.
Found ItemStack minecraft:water. 64xtile.water@0
hide called. Params: minecraft, lava
Regex match found! minecraft:lava matches minecraft:lava.
Found ItemStack minecraft:lava. 64xtile.lava@0
hide called. Params: minecraft, mob_spawner
Regex match found! minecraft:mob_spawner matches minecraft:mob_spawner.
Found ItemStack minecraft:mob_spawner. 64xtile.mobSpawner@0
override called. Params: minecraft, potion, 0
Regex match found! minecraft:potion matches minecraft:potion.
Found ItemStack minecraft:potion. 1xitem.potion@0
override called. Params: minecraft, spawn_egg, 0
Regex match found! minecraft:spawn_egg matches minecraft:spawn_egg.
Found ItemStack minecraft:spawn_egg. 64xitem.monsterPlacer@0
Loading: ThermalExpansion.js
Loading: Mekanism.js
Loading: ForgeMicroblock.js
getRandomMaterial called. Returned: ExtraUtilities:enderThermicPump
obliterate_microblocks called (version in info.inpureprojects.core.NEI.gtfoMicroblocks.ScriptObjects.ForgeMicroblockObject). Params: 1,2,4,257,258,260,513,514,516,769,770,772, ExtraUtilities:enderThermicPump
Loading: ExtraUtilities.js
override called. Params: ExtraUtilities, drum, 0,1
Regex match found! ExtraUtilities:drum matches ExtraUtilities:drum.
Found ItemStack ExtraUtilities:drum. 64xtile.extrautils:drum@0
getRandomMaterial called. Returned: ImmersiveEngineering:metalDecoration_7
obliterate_microblocks called (version in info.inpureprojects.core.NEI.gtfoMicroblocks.ScriptObjects.ExtraUtilitiesObject). Params: 1,2,3, ImmersiveEngineering:metalDecoration_7
Loading: BuildCraft.js
getFacadesSize called. Returned: 3486
obliterate_microblocks called (version in info.inpureprojects.core.NEI.gtfoMicroblocks.ScriptObjects.BCObject). Params: 2234
Loading: Bibliocraft.js
override called. Params: BiblioCraft, *, 0
Regex match found! BiblioCraft:* matches BiblioCraft:Armor Stand.
Regex match found! BiblioCraft:* matches BiblioCraft:BiblioBell.
Regex match found! BiblioCraft:* matches BiblioCraft:BiblioBorderlessPainting.
Regex match found! BiblioCraft:* matches BiblioCraft:BiblioCase.
Regex match found! BiblioCraft:* matches BiblioCraft:BiblioClipboard.
Regex match found! BiblioCraft:* matches BiblioCraft:BiblioClock.
Regex match found! BiblioCraft:* matches BiblioCraft:BiblioDesk.
Regex match found! BiblioCraft:* matches BiblioCraft:BiblioFancyPainting.
Regex match found! BiblioCraft:* matches BiblioCraft:BiblioFancySign.
Regex match found! BiblioCraft:* matches BiblioCraft:BiblioFlatPainting.
Regex match found! BiblioCraft:* matches BiblioCraft:BiblioIronLamp.
Regex match found! BiblioCraft:* matches BiblioCraft:BiblioIronLantern.
Regex match found! BiblioCraft:* matches BiblioCraft:BiblioLabel.
Regex match found! BiblioCraft:* matches BiblioCraft:BiblioLamp.
Regex match found! BiblioCraft:* matches BiblioCraft:BiblioLantern.
Regex match found! BiblioCraft:* matches BiblioCraft:BiblioMapFrames.
Regex match found! BiblioCraft:* matches BiblioCraft:BiblioMiddlePainting.
Regex match found! BiblioCraft:* matches BiblioCraft:BiblioPaintPress.
Regex match found! BiblioCraft:* matches BiblioCraft:BiblioPaneler.
Regex match found! BiblioCraft:* matches BiblioCraft:BiblioPotionShelf.
Regex match found! BiblioCraft:* matches BiblioCraft:BiblioRack.
Regex match found! BiblioCraft:* matches BiblioCraft:BiblioSeats.
Regex match found! BiblioCraft:* matches BiblioCraft:BiblioShelf.
Regex match found! BiblioCraft:* matches BiblioCraft:BiblioSimplePainting.
Regex match found! BiblioCraft:* matches BiblioCraft:BiblioStuffs.
Regex match found! BiblioCraft:* matches BiblioCraft:BiblioSwordPedestal.
Regex match found! BiblioCraft:* matches BiblioCraft:BiblioTable.
Regex match found! BiblioCraft:* matches BiblioCraft:BiblioTypewriter.
Regex match found! BiblioCraft:* matches BiblioCraft:BiblioWorkbench.
Regex match found! BiblioCraft:* matches BiblioCraft:Bibliotheca.
Regex match found! BiblioCraft:* matches BiblioCraft:BookcaseFilled.
Regex match found! BiblioCraft:* matches BiblioCraft:Printing Press.
Regex match found! BiblioCraft:* matches BiblioCraft:Typesetting Machine.
Regex match found! BiblioCraft:* matches BiblioCraft:item.AtlasBook.
Regex match found! BiblioCraft:* matches BiblioCraft:item.AtlasPlate.
Regex match found! BiblioCraft:* matches BiblioCraft:item.BiblioChase.
Regex match found! BiblioCraft:* matches BiblioCraft:item.BiblioClipboard.
Regex match found! BiblioCraft:* matches BiblioCraft:item.BiblioCreativeLock.
Regex match found! BiblioCraft:* matches BiblioCraft:item.BiblioDrill.
Regex match found! BiblioCraft:* matches BiblioCraft:item.BiblioGlasses.
Regex match found! BiblioCraft:* matches BiblioCraft:item.BiblioMapTool.
Regex match found! BiblioCraft:* matches BiblioCraft:item.BiblioRedBook.
Regex match found! BiblioCraft:* matches BiblioCraft:item.BiblioWayPointCompass.
Regex match found! BiblioCraft:* matches BiblioCraft:item.BigBook.
Regex match found! BiblioCraft:* matches BiblioCraft:item.DeathCompass.
Regex match found! BiblioCraft:* matches BiblioCraft:item.EnchantedPlate.
Regex match found! BiblioCraft:* matches BiblioCraft:item.FramingBoard.
Regex match found! BiblioCraft:* matches BiblioCraft:item.FramingSaw.
Regex match found! BiblioCraft:* matches BiblioCraft:item.FramingSheet.
Regex match found! BiblioCraft:* matches BiblioCraft:item.HandDrill.
Regex match found! BiblioCraft:* matches BiblioCraft:item.PaintingCanvas.
Regex match found! BiblioCraft:* matches BiblioCraft:item.PlumbLine.
Regex match found! BiblioCraft:* matches BiblioCraft:item.PrintPlate.
Regex match found! BiblioCraft:* matches BiblioCraft:item.RecipeBook.
Regex match found! BiblioCraft:* matches BiblioCraft:item.SlottedBook.
Regex match found! BiblioCraft:* matches BiblioCraft:item.StockroomCatalog.
Regex match found! BiblioCraft:* matches BiblioCraft:item.TesterItem.
Regex match found! BiblioCraft:* matches BiblioCraft:item.seatBack.
Regex match found! BiblioCraft:* matches BiblioCraft:item.seatBack2.
Regex match found! BiblioCraft:* matches BiblioCraft:item.seatBack3.
Regex match found! BiblioCraft:* matches BiblioCraft:item.seatBack4.
Regex match found! BiblioCraft:* matches BiblioCraft:item.seatBack5.
Regex match found! BiblioCraft:* matches BiblioCraft:item.tape.
Regex match found! BiblioCraft:* matches BiblioCraft:item.tapeMeasure.
Regex match found! BiblioCraft:* matches BiblioCraft:tile.BiblioFramedChest.
Found ItemStack BiblioCraft:Armor Stand. 64xtile.BiblioArmorStand@0
Found ItemStack BiblioCraft:BiblioBell. 64xtile.BiblioBell@0
Found ItemStack BiblioCraft:BiblioBorderlessPainting. 64xtile.BiblioBorderlessPainting@0
Found ItemStack BiblioCraft:BiblioCase. 64xtile.BiblioCase@0
Found ItemStack BiblioCraft:BiblioClipboard. 64xtile.BiblioClipboard@0
Found ItemStack BiblioCraft:BiblioClock. 64xtile.BiblioClock@0
Found ItemStack BiblioCraft:BiblioDesk. 64xtile.BiblioDesk@0
Found ItemStack BiblioCraft:BiblioFancyPainting. 64xtile.BiblioFancyPainting@0
Found ItemStack BiblioCraft:BiblioFancySign. 64xtile.BiblioFancySign@0
Found ItemStack BiblioCraft:BiblioFlatPainting. 64xtile.BiblioFlatPainting@0
Found ItemStack BiblioCraft:BiblioIronLamp. 64xtile.BiblioIronLamp@0
Found ItemStack BiblioCraft:BiblioIronLantern. 64xtile.BiblioIronLantern@0
Found ItemStack BiblioCraft:BiblioLabel. 64xtile.BiblioLabel@0
Found ItemStack BiblioCraft:BiblioLamp. 64xtile.BiblioLamp@0
Found ItemStack BiblioCraft:BiblioLantern. 64xtile.BiblioLantern@0
Found ItemStack BiblioCraft:BiblioMapFrames. 64xtile.BiblioMapFrames@0
Found ItemStack BiblioCraft:BiblioMiddlePainting. 64xtile.BiblioMiddlePainting@0
Found ItemStack BiblioCraft:BiblioPaintPress. 64xtile.BiblioPaintPress@0
Found ItemStack BiblioCraft:BiblioPaneler. 64xtile.BiblioPaneler@0
Found ItemStack BiblioCraft:BiblioPotionShelf. 64xtile.BiblioPotionShelf@0
Found ItemStack BiblioCraft:BiblioRack. 64xtile.BiblioRack@0
Found ItemStack BiblioCraft:BiblioSeats. 64xtile.BiblioSeats@0
Found ItemStack BiblioCraft:BiblioShelf. 64xtile.BiblioShelf@0
Found ItemStack BiblioCraft:BiblioSimplePainting. 64xtile.BiblioSimplePainting@0
Found ItemStack BiblioCraft:BiblioStuffs. 64xtile.BiblioStuffs@0
Found ItemStack BiblioCraft:BiblioSwordPedestal. 64xtile.BiblioSwordPedestal@0
Found ItemStack BiblioCraft:BiblioTable. 64xtile.BiblioTable@0
Found ItemStack BiblioCraft:BiblioTypewriter. 64xtile.BiblioTypewriter@0
Found ItemStack BiblioCraft:BiblioWorkbench. 64xtile.BiblioWorkbench@0
Found ItemStack BiblioCraft:Bibliotheca. 64xtile.BiblioBookcase@0
Found ItemStack BiblioCraft:BookcaseFilled. 64xtile.BookcaseFilled@0
Found ItemStack BiblioCraft:Printing Press. 64xtile.BiblioPress@0
Found ItemStack BiblioCraft:Typesetting Machine. 64xtile.BiblioType@0
Found ItemStack BiblioCraft:item.AtlasBook. 1xitem.AtlasBook@0
Found ItemStack BiblioCraft:item.AtlasPlate. 1xitem.AtlasPlate@0
Found ItemStack BiblioCraft:item.BiblioChase. 64xitem.BiblioChase@0
Found ItemStack BiblioCraft:item.BiblioClipboard. 1xitem.BiblioClipboard@0
Found ItemStack BiblioCraft:item.BiblioCreativeLock. 1xitem.BiblioCreativeLock@0
Found ItemStack BiblioCraft:item.BiblioDrill. 1xitem.BiblioDrill@0
Found ItemStack BiblioCraft:item.BiblioGlasses. 1xitem.BiblioGlasses@0
Found ItemStack BiblioCraft:item.BiblioMapTool. 1xitem.BiblioMapTool@0
Found ItemStack BiblioCraft:item.BiblioRedBook. 64xitem.BiblioRedBook@0
Found ItemStack BiblioCraft:item.BiblioWayPointCompass. 1xitem.BiblioWayPointCompass@0
Found ItemStack BiblioCraft:item.BigBook. 1xitem.BigBook@0
Found ItemStack BiblioCraft:item.DeathCompass. 64xitem.DeathCompass@0
Found ItemStack BiblioCraft:item.EnchantedPlate. 1xitem.EnchantedPlate@0
Found ItemStack BiblioCraft:item.FramingBoard. 64xitem.FramingBoard@0
Found ItemStack BiblioCraft:item.FramingSaw. 1xitem.FramingSaw@0
Found ItemStack BiblioCraft:item.FramingSheet. 64xitem.FramingSheet@0
Found ItemStack BiblioCraft:item.HandDrill. 1xitem.HandDrill@0
Found ItemStack BiblioCraft:item.PaintingCanvas. 64xitem.PaintingCanvas@0
Found ItemStack BiblioCraft:item.PlumbLine. 1xitem.PlumbLine@0
Found ItemStack BiblioCraft:item.PrintPlate. 1xitem.PrintPlate@0
Found ItemStack BiblioCraft:item.RecipeBook. 1xitem.RecipeBook@0
Found ItemStack BiblioCraft:item.SlottedBook. 1xitem.SlottedBook@0
Found ItemStack BiblioCraft:item.StockroomCatalog. 1xitem.StockroomCatalog@0
Found ItemStack BiblioCraft:item.TesterItem. 1xitem.TesterItem@0
Found ItemStack BiblioCraft:item.seatBack. 64xitem.seatBack@0
Found ItemStack BiblioCraft:item.seatBack2. 64xitem.seatBack@0
Found ItemStack BiblioCraft:item.seatBack3. 64xitem.seatBack@0
Found ItemStack BiblioCraft:item.seatBack4. 64xitem.seatBack@0
Found ItemStack BiblioCraft:item.seatBack5. 64xitem.seatBack@0
Found ItemStack BiblioCraft:item.tape. 64xitem.tape@0
Found ItemStack BiblioCraft:item.tapeMeasure. 1xitem.tapeMeasure@0
Found ItemStack BiblioCraft:tile.BiblioFramedChest. 64xtile.BiblioFramedChest@0
Loading: AppliedEnergistics2.js
getFacadeItem called. Returned: appliedenergistics2:item.ItemFacade
getSubTypes called.
getNumberOfTypes called. Returned: 2527
override called. Params: appliedenergistics2, item.ItemFacade, 787
Regex match found! appliedenergistics2:item.ItemFacade matches appliedenergistics2:item.ItemFacade.
Found ItemStack appliedenergistics2:item.ItemFacade. 64xitem.appliedenergistics2.ItemFacade@0
Loading: Tcon.js
override called. Params: TConstruct, tool*, 0
Regex match found! TConstruct:tool* matches TConstruct:toolRod.
Regex match found! TConstruct:tool* matches TConstruct:toolShard.
Found ItemStack TConstruct:toolRod. 64xitem.tconstruct.ToolRod@0
Found ItemStack TConstruct:toolShard. 64xitem.tconstruct.ToolShard@0
override called. Params: TConstruct, binding, 0
Regex match found! TConstruct:binding matches TConstruct:binding.
Found ItemStack TConstruct:binding. 64xitem.tconstruct.Binding@0
override called. Params: TConstruct, scytheBlade, 0
Regex match found! TConstruct:scytheBlade matches TConstruct:scytheBlade.
Found ItemStack TConstruct:scytheBlade. 64xitem.tconstruct.ScytheHead@0
Loading: MFR.js
